<?xml version="1.0" encoding="UTF-8"?>
<!-- Generated by org.testng.reporters.JUnitReportReporter -->
<testsuite hostname="DESKTOP-0BLJ1TO" failures="0" tests="14" name="testNGFrameWork.Priority" time="0.033" errors="0" timestamp="2021-12-10T02:24:14 IST" skipped="1">
  <testcase classname="testNGFrameWork.Priority" name="create" time="0.003"/>
  <system-out/>
  <testcase classname="testNGFrameWork.Priority" name="create" time="0.004"/>
  <system-out/>
  <testcase classname="testNGFrameWork.Priority" name="create" time="0.002"/>
  <system-out/>
  <testcase classname="testNGFrameWork.Priority" name="create" time="0.009"/>
  <system-out/>
  <testcase classname="testNGFrameWork.Priority" name="create" time="0.002"/>
  <system-out/>
  <testcase classname="testNGFrameWork.Priority" name="fb" time="0.002"/>
  <system-out/>
  <testcase classname="testNGFrameWork.Priority" name="tWitter" time="0.002"/>
  <system-out/>
  <testcase classname="testNGFrameWork.Priority" name="Whatsapp" time="0.002"/>
  <system-out/>
  <testcase classname="testNGFrameWork.Priority" name="forgot" time="0.001"/>
  <system-out/>
  <testcase classname="testNGFrameWork.Priority" name="insta" time="0.001"/>
  <system-out/>
  <testcase classname="testNGFrameWork.Priority" name="Telegram" time="0.002"/>
  <system-out/>
  <testcase classname="testNGFrameWork.Priority" name="update" time="0.001"/>
  <system-out/>
  <testcase classname="testNGFrameWork.Priority" name="delete" time="0.002"/>
  <system-out/>
  <testcase classname="testNGFrameWork.Priority" name="Login">
    <skipped/>
  </testcase> <!-- Login -->
  <system-out/>
</testsuite> <!-- testNGFrameWork.Priority -->
