<?xml version="1.0" encoding="UTF-8"?>
<!-- Generated by org.testng.reporters.JUnitReportReporter -->
<testsuite hostname="DESKTOP-0BLJ1TO" failures="0" tests="1" name="parameterTestNG.DeleteLead" time="43.849" errors="0" timestamp="2021-12-10T02:41:36 IST" skipped="0">
  <testcase classname="parameterTestNG.DeleteLead" name="deleteLead" time="43.849"/>
  <system-out/>
</testsuite> <!-- parameterTestNG.DeleteLead -->
