<?xml version="1.0" encoding="UTF-8"?>
<!-- Generated by org.testng.reporters.JUnitReportReporter -->
<testsuite hostname="DESKTOP-0BLJ1TO" failures="0" tests="4" name="dataprovider.CreateLead" time="79.506" errors="0" timestamp="2021-12-10T12:12:25 IST" skipped="0">
  <testcase classname="dataprovider.CreateLead" name="createLead" time="19.584"/>
  <system-out/>
  <testcase classname="dataprovider.CreateLead" name="createLead" time="21.568"/>
  <system-out/>
  <testcase classname="dataprovider.CreateLead" name="createLead" time="19.016"/>
  <system-out/>
  <testcase classname="dataprovider.CreateLead" name="createLead" time="19.338"/>
  <system-out/>
</testsuite> <!-- dataprovider.CreateLead -->
