<?xml version="1.0" encoding="UTF-8"?>
<!-- Generated by org.testng.reporters.JUnitReportReporter -->
<testsuite hostname="DESKTOP-0BLJ1TO" failures="0" tests="1" name="testNGFrameWork.DeleteLead" time="45.810" errors="0" timestamp="2021-12-10T01:59:57 IST" skipped="0">
  <testcase classname="testNGFrameWork.DeleteLead" name="deleteLead" time="45.810"/>
  <system-out/>
</testsuite> <!-- testNGFrameWork.DeleteLead -->
