<?xml version="1.0" encoding="UTF-8"?>
<!-- Generated by org.testng.reporters.JUnitReportReporter -->
<testsuite hostname="DESKTOP-0BLJ1TO" failures="0" tests="1" name="testNGFrameWork.CreateLead" time="15.896" errors="0" timestamp="2021-12-10T01:59:57 IST" skipped="0">
  <testcase classname="testNGFrameWork.CreateLead" name="createLead" time="15.896"/>
  <system-out/>
</testsuite> <!-- testNGFrameWork.CreateLead -->
