<?xml version="1.0" encoding="UTF-8"?>
<!-- Generated by org.testng.reporters.JUnitReportReporter -->
<testsuite hostname="DESKTOP-0BLJ1TO" failures="0" tests="1" name="testNGFrameWork.Annotations" time="0.019" errors="0" timestamp="2021-12-10T01:20:39 IST" skipped="0">
  <testcase classname="testNGFrameWork.Annotations" name="test" time="0.019"/>
  <system-out/>
</testsuite> <!-- testNGFrameWork.Annotations -->
