<?xml version="1.0" encoding="UTF-8"?>
<!-- Generated by org.testng.reporters.JUnitReportReporter -->
<testsuite hostname="DESKTOP-0BLJ1TO" failures="0" tests="1" name="parameterTestNG.MergeLead" time="44.959" errors="0" timestamp="2021-12-10T02:41:36 IST" skipped="0">
  <testcase classname="parameterTestNG.MergeLead" name="mergeLead" time="44.959"/>
  <system-out/>
</testsuite> <!-- parameterTestNG.MergeLead -->
