<?xml version="1.0" encoding="UTF-8"?>
<!-- Generated by org.testng.reporters.JUnitReportReporter -->
<testsuite hostname="DESKTOP-0BLJ1TO" failures="0" tests="1" name="practise.Amazon" time="55.904" errors="0" timestamp="2021-12-09T22:58:44 IST" skipped="0">
  <testcase classname="practise.Amazon" name="amazon" time="55.904"/>
  <system-out/>
</testsuite> <!-- practise.Amazon -->
