<?xml version="1.0" encoding="UTF-8"?>
<!-- Generated by org.testng.reporters.JUnitReportReporter -->
<testsuite hostname="DESKTOP-0BLJ1TO" failures="0" tests="2" name="crossBrowser.CreateLead" time="35.843" errors="0" timestamp="2021-12-10T12:43:48 IST" skipped="0">
  <testcase classname="crossBrowser.CreateLead" name="createLead" time="16.362"/>
  <system-out/>
  <testcase classname="crossBrowser.CreateLead" name="createLead" time="19.481"/>
  <system-out/>
</testsuite> <!-- crossBrowser.CreateLead -->
